2024-06-17 16:09:12 Beginning variational optimization assuming EXACT                 observations of the log-joint.
2024-06-17 16:09:12  Iteration f-count/f-cache    Mean[ELBO]     Std[ELBO]     sKL-iter[q]   K[q]  Convergence    Action
2024-06-17 16:10:21      0         0  /    0           5.22          0.01          1.32       50        inf       start build-up for vp
2024-06-17 16:10:38      1         0  /    0           6.18          0.01          0.36       50        inf       stop build-up for vp
2024-06-17 16:10:53      2         0  /    0           6.20          0.01          0.00       50     0.0234       
2024-06-17 16:11:10      3         0  /    0           6.20          0.01          0.00       50    0.00493       
2024-06-17 16:11:10 
2024-06-17 16:11:10 Estimated ELBO: 6.203 +/-0.011.
2024-06-17 16:11:10 Caution: Returned variational solution may have not converged.
2024-06-17 16:11:10 Plotting final variational posterior...
2024-06-17 16:11:12 Plotting done
2024-06-17 16:25:33 Beginning variational optimization assuming EXACT                 observations of the log-joint.
2024-06-17 16:25:33  Iteration f-count/f-cache    Mean[ELBO]     Std[ELBO]     sKL-iter[q]   K[q]  Convergence    Action
2024-06-17 16:26:38      0         0  /    0           5.22          0.01          1.55       50        inf       start build-up for vp
2024-06-17 16:26:56      1         0  /    0           6.17          0.02          0.46       50        inf       stop build-up for vp
2024-06-17 16:42:37 Beginning variational optimization assuming EXACT                 observations of the log-joint.
2024-06-17 16:42:37  Iteration f-count/f-cache    Mean[ELBO]     Std[ELBO]     sKL-iter[q]   K[q]  Convergence    Action
2024-06-17 16:44:14 Beginning variational optimization assuming EXACT                 observations of the log-joint.
2024-06-17 16:44:14  Iteration f-count/f-cache    Mean[ELBO]     Std[ELBO]     sKL-iter[q]   K[q]  Convergence    Action
2024-06-17 16:44:26 Beginning variational optimization assuming EXACT                 observations of the log-joint.
2024-06-17 16:44:26  Iteration f-count/f-cache    Mean[ELBO]     Std[ELBO]     sKL-iter[q]   K[q]  Convergence    Action
2024-06-17 16:46:16 Beginning variational optimization assuming EXACT                 observations of the log-joint.
2024-06-17 16:46:16  Iteration f-count/f-cache    Mean[ELBO]     Std[ELBO]     sKL-iter[q]   K[q]  Convergence    Action
2024-06-17 16:46:23 Beginning variational optimization assuming EXACT                 observations of the log-joint.
2024-06-17 16:46:23 Beginning variational optimization assuming EXACT                 observations of the log-joint.
2024-06-17 16:46:23  Iteration f-count/f-cache    Mean[ELBO]     Std[ELBO]     sKL-iter[q]   K[q]  Convergence    Action
2024-06-17 16:46:23  Iteration f-count/f-cache    Mean[ELBO]     Std[ELBO]     sKL-iter[q]   K[q]  Convergence    Action
2024-06-17 16:50:04 cccc
2024-06-17 17:11:10 Beginning variational optimization assuming EXACT                 observations of the log-joint.
2024-06-17 17:11:10  Iteration f-count/f-cache    Mean[ELBO]     Std[ELBO]     sKL-iter[q]   K[q]  Convergence    Action
2024-06-17 17:28:34 Beginning variational optimization assuming EXACT                 observations of the log-joint.
2024-06-17 17:28:34  Iteration f-count/f-cache    Mean[ELBO]     Std[ELBO]     sKL-iter[q]   K[q]  Convergence    Action
2024-06-17 17:28:45      1         0  /    0           6.17          0.01          0.43       50        inf       
2024-06-17 17:28:56      2         0  /    0           6.19          0.01          0.00       50        inf       
2024-06-17 17:29:07      3         0  /    0           6.19          0.01          0.00       50        inf       
2024-06-17 17:29:07 Inference terminated: reached maximum number of iterations options.maxiter.
2024-06-17 17:29:07 Estimated ELBO: 6.191 +/-0.006.
2024-06-17 17:29:07 Plotting final variational posterior...
2024-06-17 17:29:10 Plotting done
2024-06-17 17:30:50 Beginning variational optimization assuming EXACT                 observations of the log-joint.
2024-06-17 17:37:20 Beginning variational optimization assuming EXACT                 observations of the log-joint.
2024-06-17 17:37:20  Iteration f-count/f-cache    Mean[ELBO]     Std[ELBO]     sKL-iter[q]   K[q]  Convergence    Action
2024-06-17 17:38:04 Beginning variational optimization assuming EXACT                 observations of the log-joint.
2024-06-17 17:38:04  Iteration f-count/f-cache    Mean[ELBO]     Std[ELBO]     sKL-iter[q]   K[q]  Convergence    Action
2024-06-17 17:38:15 Beginning variational optimization assuming EXACT                 observations of the log-joint.
2024-06-17 17:38:15  Iteration f-count/f-cache    Mean[ELBO]     Std[ELBO]     sKL-iter[q]   K[q]  Convergence    Action
2024-06-17 17:42:24 Beginning variational optimization assuming EXACT                 observations of the log-joint.
2024-06-17 17:42:24  Iteration f-count/f-cache    Mean[ELBO]     Std[ELBO]     sKL-iter[q]   K[q]  Convergence    Action
2024-06-17 17:43:04      0         0  /    0           5.18          0.01          1.69       50        inf       
2024-06-17 17:43:18      1         0  /    0           6.16          0.01          0.44       50        inf       
2024-06-17 17:43:31      2         0  /    0           6.18          0.01          0.00       50        inf       
2024-06-17 17:45:37 Beginning variational optimization assuming EXACT                 observations of the log-joint.
2024-06-17 17:45:37  Iteration f-count/f-cache    Mean[ELBO]     Std[ELBO]     sKL-iter[q]   K[q]  Convergence    Action
2024-06-17 17:48:45 Beginning variational optimization assuming EXACT                 observations of the log-joint.
2024-06-17 17:48:45  Iteration f-count/f-cache    Mean[ELBO]     Std[ELBO]     sKL-iter[q]   K[q]  Convergence    Action
2024-06-17 17:48:50 Beginning variational optimization assuming EXACT                 observations of the log-joint.
2024-06-17 17:48:50  Iteration f-count/f-cache    Mean[ELBO]     Std[ELBO]     sKL-iter[q]   K[q]  Convergence    Action
2024-06-17 17:49:22      0         0  /    0           5.21          0.02          1.19       50        inf       
2024-06-17 17:49:32      1         0  /    0           6.18          0.02          0.43       50        inf       
2024-06-17 17:49:44      2         0  /    0           6.20          0.02          0.00       50        inf       
2024-06-17 17:49:55      3         0  /    0           6.20          0.02          0.00       50        inf       
2024-06-17 17:49:55 Inference terminated: reached maximum number of iterations options.maxiter.
2024-06-17 17:49:55 Estimated ELBO: 6.197 +/-0.019.
2024-06-17 17:49:55 Plotting final variational posterior...
2024-06-17 17:49:56 Plotting done
2024-06-17 17:51:01 Beginning variational optimization assuming EXACT                 observations of the log-joint.
2024-06-17 17:51:01  Iteration f-count/f-cache    Mean[ELBO]     Std[ELBO]     sKL-iter[q]   K[q]
2024-06-17 17:51:37 Beginning variational optimization assuming EXACT                 observations of the log-joint.
2024-06-17 17:51:37  Iteration f-count/f-cache    Mean[ELBO]     Std[ELBO]     sKL-iter[q]   K[q]
2024-06-17 17:51:59 Beginning variational optimization assuming EXACT                 observations of the log-joint.
2024-06-17 17:51:59  Iteration f-count/f-cache    Mean[ELBO]     Std[ELBO]     sKL-iter[q]   K[q]  Convergence    Action
2024-06-17 17:52:30      0         0  /    0           5.21          0.01          1.09       50        inf       
2024-06-17 17:52:44 Beginning variational optimization assuming EXACT                 observations of the log-joint.
2024-06-17 17:52:44  Iteration f-count/f-cache    Mean[ELBO]     Std[ELBO]     sKL-iter[q]   K[q]
2024-06-17 17:53:13      0         0  /    0           5.21          0.01          1.53       50        inf       
2024-06-17 17:55:31 Beginning variational optimization assuming EXACT                 observations of the log-joint.
2024-06-17 17:55:31  Iteration f-count/f-cache    Mean[ELBO]     Std[ELBO]     sKL-iter[q]   K[q]
2024-06-17 17:57:27 Beginning variational optimization assuming EXACT                 observations of the log-joint.
2024-06-17 17:57:27  Iteration f-count/f-cache    Mean[ELBO]     Std[ELBO]     sKL-iter[q]   K[q]
2024-06-17 17:58:00      0         0  /    0           5.17          0.01          1.22
2024-06-17 18:00:36 Beginning variational optimization assuming EXACT                 observations of the log-joint.
2024-06-17 18:00:36  Iteration f-count/f-cache    Mean[ELBO]     Std[ELBO]     sKL-iter[q]   K[q]
2024-06-17 18:01:32 Beginning variational optimization assuming EXACT                 observations of the log-joint.
2024-06-17 18:01:32  Iteration     Mean[ELBO]     Std[ELBO]     sKL-iter[q]   K[q]
2024-06-17 18:02:01      0             5.19          0.01          1.94
2024-06-17 18:02:17      1             6.16          0.01          0.48
2024-06-17 18:02:32      2             6.18          0.01          0.00
2024-06-17 18:02:49      3             6.18          0.01          0.00
2024-06-17 18:02:49 Inference terminated: reached maximum number of iterations options.maxiter.
2024-06-17 18:02:49 Estimated ELBO: 6.180 +/-0.007.
2024-06-17 18:02:49 Plotting final variational posterior...
2024-06-17 18:02:52 Plotting done
2024-06-17 18:04:09 Beginning variational optimization assuming EXACT                 observations of the log-joint.
2024-06-17 18:04:09  Iteration     Mean[ELBO]     Std[ELBO]     sKL-iter[q]   K[q]
2024-06-17 18:04:55      0             5.24          0.01          1.29       50  
2024-06-17 18:06:56 Beginning variational optimization assuming EXACT observations of the log-joint.
2024-06-17 18:06:56  Iteration     Mean[ELBO]     Std[ELBO]     sKL-iter[q]   K[q]
2024-06-17 18:07:25 Beginning variational optimization assuming EXACT observations of the log-joint.
2024-06-17 18:07:25  Iteration     Mean[ELBO]     Std[ELBO]     sKL-iter[q]   K[q]
2024-06-17 18:07:58      0             5.23          0.01          1.19       50  
2024-06-17 18:08:12      1             6.16          0.01          0.39       50  
2024-06-17 18:08:25      2             6.18          0.01          0.00       50  
2024-06-17 18:08:39      3             6.18          0.01          0.00       50  
2024-06-17 18:08:39 Inference terminated: reached maximum number of iterations options.maxiter.
2024-06-17 18:08:39 Estimated ELBO: 6.181 +/-0.010.
2024-06-17 18:08:39 Plotting final variational posterior...
2024-06-17 18:08:40 Plotting done. Saved to folder ./exp_example
2024-06-17 18:21:33 Beginning variational optimization assuming EXACT observations of the log-joint.
2024-06-17 18:21:33  Iteration     Mean[ELBO]     Std[ELBO]     sKL-iter[q]   K[q]
2024-06-17 18:22:11      0             5.24          0.01          0.35       50  
2024-06-17 18:22:22      1             6.17          0.01          0.37       50  
2024-06-17 18:22:33      2             6.19          0.01          0.00       50  
2024-06-17 18:22:50      3             6.19          0.01          0.00       50  
2024-06-17 18:22:51 Inference terminated: reached maximum number of iterations options.maxiter.
2024-06-17 18:22:51 Estimated ELBO: 6.188 +/-0.010.
2024-06-17 18:22:51 Plotting final variational posterior...
2024-06-17 18:22:52 Plotting done. Saved to folder ./exp_example
